{"timestamp":"2025-06-15T12:55:21.891150","level":"info","event":"DAG bundles loaded: dags-folder","logger":"airflow.dag_processing.bundles.manager.DagBundlesManager"}
{"timestamp":"2025-06-15T12:55:21.893110","level":"info","event":"Filling up the DagBag from /opt/airflow/dags/spark_submit.py","logger":"airflow.models.dagbag.DagBag"}
{"timestamp":"2025-06-15T12:55:21.918006","level":"info","event":"Tmp dir root location: /tmp","logger":"airflow.task.hooks.airflow.providers.standard.hooks.subprocess.SubprocessHook"}
{"timestamp":"2025-06-15T12:55:21.919158","level":"info","event":"Running command: ['/usr/bin/bash', '-c', '\\n#!/bin/bash\\nspark-submit   --master spark://spark-master:7077   --conf spark.eventLog.enabled=false   /opt/airflow/dags/hello_spark.py']","logger":"airflow.task.hooks.airflow.providers.standard.hooks.subprocess.SubprocessHook"}
{"timestamp":"2025-06-15T12:55:21.938050","level":"info","event":"Output:","logger":"airflow.task.hooks.airflow.providers.standard.hooks.subprocess.SubprocessHook"}
{"timestamp":"2025-06-15T12:55:26.820143","level":"info","event":"25/06/15 12:55:26 INFO SparkContext: Running Spark version 3.5.0","logger":"airflow.task.hooks.airflow.providers.standard.hooks.subprocess.SubprocessHook"}
{"timestamp":"2025-06-15T12:55:26.824562","level":"info","event":"25/06/15 12:55:26 INFO SparkContext: OS info Linux, 6.8.0-55-generic, amd64","logger":"airflow.task.hooks.airflow.providers.standard.hooks.subprocess.SubprocessHook"}
{"timestamp":"2025-06-15T12:55:26.825241","level":"info","event":"25/06/15 12:55:26 INFO SparkContext: Java version 17.0.15","logger":"airflow.task.hooks.airflow.providers.standard.hooks.subprocess.SubprocessHook"}
{"timestamp":"2025-06-15T12:55:26.924829","level":"info","event":"25/06/15 12:55:26 WARN NativeCodeLoader: Unable to load native-hadoop library for your platform... using builtin-java classes where applicable","logger":"airflow.task.hooks.airflow.providers.standard.hooks.subprocess.SubprocessHook"}
{"timestamp":"2025-06-15T12:55:27.058456","level":"info","event":"25/06/15 12:55:27 INFO ResourceUtils: ==============================================================","logger":"airflow.task.hooks.airflow.providers.standard.hooks.subprocess.SubprocessHook"}
{"timestamp":"2025-06-15T12:55:27.058896","level":"info","event":"25/06/15 12:55:27 INFO ResourceUtils: No custom resources configured for spark.driver.","logger":"airflow.task.hooks.airflow.providers.standard.hooks.subprocess.SubprocessHook"}
{"timestamp":"2025-06-15T12:55:27.059435","level":"info","event":"25/06/15 12:55:27 INFO ResourceUtils: ==============================================================","logger":"airflow.task.hooks.airflow.providers.standard.hooks.subprocess.SubprocessHook"}
{"timestamp":"2025-06-15T12:55:27.060075","level":"info","event":"25/06/15 12:55:27 INFO SparkContext: Submitted application: HelloSpark","logger":"airflow.task.hooks.airflow.providers.standard.hooks.subprocess.SubprocessHook"}
{"timestamp":"2025-06-15T12:55:27.065357","level":"info","event":"25/06/15 12:55:27 INFO SparkContext: Spark configuration:","logger":"airflow.task.hooks.airflow.providers.standard.hooks.subprocess.SubprocessHook"}
{"timestamp":"2025-06-15T12:55:27.065585","level":"info","event":"spark.app.name=HelloSpark","logger":"airflow.task.hooks.airflow.providers.standard.hooks.subprocess.SubprocessHook"}
{"timestamp":"2025-06-15T12:55:27.065714","level":"info","event":"spark.app.startTime=1749992126796","logger":"airflow.task.hooks.airflow.providers.standard.hooks.subprocess.SubprocessHook"}
{"timestamp":"2025-06-15T12:55:27.065833","level":"info","event":"spark.app.submitTime=1749992124931","logger":"airflow.task.hooks.airflow.providers.standard.hooks.subprocess.SubprocessHook"}
{"timestamp":"2025-06-15T12:55:27.065970","level":"info","event":"spark.delta.logStore.class=org.apache.spark.sql.delta.storage.S3SingleDriverLogStore","logger":"airflow.task.hooks.airflow.providers.standard.hooks.subprocess.SubprocessHook"}
{"timestamp":"2025-06-15T12:55:27.066111","level":"info","event":"spark.driver.extraJavaOptions=-Djava.net.preferIPv6Addresses=false -XX:+IgnoreUnrecognizedVMOptions --add-opens=java.base/java.lang=ALL-UNNAMED --add-opens=java.base/java.lang.invoke=ALL-UNNAMED --add-opens=java.base/java.lang.reflect=ALL-UNNAMED --add-opens=java.base/java.io=ALL-UNNAMED --add-opens=java.base/java.net=ALL-UNNAMED --add-opens=java.base/java.nio=ALL-UNNAMED --add-opens=java.base/java.util=ALL-UNNAMED --add-opens=java.base/java.util.concurrent=ALL-UNNAMED --add-opens=java.base/java.util.concurrent.atomic=ALL-UNNAMED --add-opens=java.base/sun.nio.ch=ALL-UNNAMED --add-opens=java.base/sun.nio.cs=ALL-UNNAMED --add-opens=java.base/sun.security.action=ALL-UNNAMED --add-opens=java.base/sun.util.calendar=ALL-UNNAMED --add-opens=java.security.jgss/sun.security.krb5=ALL-UNNAMED -Djdk.reflect.useDirectMethodHandle=false","logger":"airflow.task.hooks.airflow.providers.standard.hooks.subprocess.SubprocessHook"}
{"timestamp":"2025-06-15T12:55:27.066287","level":"info","event":"spark.eventLog.dir=/opt/spark/history","logger":"airflow.task.hooks.airflow.providers.standard.hooks.subprocess.SubprocessHook"}
{"timestamp":"2025-06-15T12:55:27.066416","level":"info","event":"spark.eventLog.enabled=false","logger":"airflow.task.hooks.airflow.providers.standard.hooks.subprocess.SubprocessHook"}
{"timestamp":"2025-06-15T12:55:27.066570","level":"info","event":"spark.executor.extraJavaOptions=-Djava.net.preferIPv6Addresses=false -XX:+IgnoreUnrecognizedVMOptions --add-opens=java.base/java.lang=ALL-UNNAMED --add-opens=java.base/java.lang.invoke=ALL-UNNAMED --add-opens=java.base/java.lang.reflect=ALL-UNNAMED --add-opens=java.base/java.io=ALL-UNNAMED --add-opens=java.base/java.net=ALL-UNNAMED --add-opens=java.base/java.nio=ALL-UNNAMED --add-opens=java.base/java.util=ALL-UNNAMED --add-opens=java.base/java.util.concurrent=ALL-UNNAMED --add-opens=java.base/java.util.concurrent.atomic=ALL-UNNAMED --add-opens=java.base/sun.nio.ch=ALL-UNNAMED --add-opens=java.base/sun.nio.cs=ALL-UNNAMED --add-opens=java.base/sun.security.action=ALL-UNNAMED --add-opens=java.base/sun.util.calendar=ALL-UNNAMED --add-opens=java.security.jgss/sun.security.krb5=ALL-UNNAMED -Djdk.reflect.useDirectMethodHandle=false","logger":"airflow.task.hooks.airflow.providers.standard.hooks.subprocess.SubprocessHook"}
{"timestamp":"2025-06-15T12:55:27.066705","level":"info","event":"spark.hadoop.fs.s3a.access.key=*********(redacted)","logger":"airflow.task.hooks.airflow.providers.standard.hooks.subprocess.SubprocessHook"}
{"timestamp":"2025-06-15T12:55:27.066778","level":"info","event":"spark.hadoop.fs.s3a.endpoint=http://minio:9000","logger":"airflow.task.hooks.airflow.providers.standard.hooks.subprocess.SubprocessHook"}
{"timestamp":"2025-06-15T12:55:27.066845","level":"info","event":"spark.hadoop.fs.s3a.fast.upload=true","logger":"airflow.task.hooks.airflow.providers.standard.hooks.subprocess.SubprocessHook"}
{"timestamp":"2025-06-15T12:55:27.066926","level":"info","event":"spark.hadoop.fs.s3a.impl=org.apache.hadoop.fs.s3a.S3AFileSystem","logger":"airflow.task.hooks.airflow.providers.standard.hooks.subprocess.SubprocessHook"}
{"timestamp":"2025-06-15T12:55:27.067008","level":"info","event":"spark.hadoop.fs.s3a.multiobjectdelete.enable=true","logger":"airflow.task.hooks.airflow.providers.standard.hooks.subprocess.SubprocessHook"}
{"timestamp":"2025-06-15T12:55:27.067067","level":"info","event":"spark.hadoop.fs.s3a.path.style.access=true","logger":"airflow.task.hooks.airflow.providers.standard.hooks.subprocess.SubprocessHook"}
{"timestamp":"2025-06-15T12:55:27.067174","level":"info","event":"spark.hadoop.fs.s3a.secret.key=*********(redacted)","logger":"airflow.task.hooks.airflow.providers.standard.hooks.subprocess.SubprocessHook"}
{"timestamp":"2025-06-15T12:55:27.067304","level":"info","event":"spark.history.fs.logDirectory=s3a://spark/","logger":"airflow.task.hooks.airflow.providers.standard.hooks.subprocess.SubprocessHook"}
{"timestamp":"2025-06-15T12:55:27.067413","level":"info","event":"spark.logConf=true","logger":"airflow.task.hooks.airflow.providers.standard.hooks.subprocess.SubprocessHook"}
{"timestamp":"2025-06-15T12:55:27.067512","level":"info","event":"spark.master=spark://spark-master:7077","logger":"airflow.task.hooks.airflow.providers.standard.hooks.subprocess.SubprocessHook"}
{"timestamp":"2025-06-15T12:55:27.067637","level":"info","event":"spark.network.timeout=10000s","logger":"airflow.task.hooks.airflow.providers.standard.hooks.subprocess.SubprocessHook"}
{"timestamp":"2025-06-15T12:55:27.067736","level":"info","event":"spark.rdd.compress=True","logger":"airflow.task.hooks.airflow.providers.standard.hooks.subprocess.SubprocessHook"}
{"timestamp":"2025-06-15T12:55:27.067833","level":"info","event":"spark.serializer.objectStreamReset=100","logger":"airflow.task.hooks.airflow.providers.standard.hooks.subprocess.SubprocessHook"}
{"timestamp":"2025-06-15T12:55:27.068367","level":"info","event":"spark.sql.catalog.spark_catalog=org.apache.spark.sql.delta.catalog.DeltaCatalog","logger":"airflow.task.hooks.airflow.providers.standard.hooks.subprocess.SubprocessHook"}
{"timestamp":"2025-06-15T12:55:27.068520","level":"info","event":"spark.sql.extensions=io.delta.sql.DeltaSparkSessionExtension","logger":"airflow.task.hooks.airflow.providers.standard.hooks.subprocess.SubprocessHook"}
{"timestamp":"2025-06-15T12:55:27.068622","level":"info","event":"spark.sql.files.ignoreMissingFiles=true","logger":"airflow.task.hooks.airflow.providers.standard.hooks.subprocess.SubprocessHook"}
{"timestamp":"2025-06-15T12:55:27.068720","level":"info","event":"spark.sql.sources.partitionOverwriteMode=dynamic","logger":"airflow.task.hooks.airflow.providers.standard.hooks.subprocess.SubprocessHook"}
{"timestamp":"2025-06-15T12:55:27.068829","level":"info","event":"spark.submit.deployMode=client","logger":"airflow.task.hooks.airflow.providers.standard.hooks.subprocess.SubprocessHook"}
{"timestamp":"2025-06-15T12:55:27.069010","level":"info","event":"spark.submit.pyFiles=","logger":"airflow.task.hooks.airflow.providers.standard.hooks.subprocess.SubprocessHook"}
{"timestamp":"2025-06-15T12:55:27.098525","level":"info","event":"25/06/15 12:55:27 INFO ResourceProfile: Default ResourceProfile created, executor resources: Map(memory -> name: memory, amount: 1024, script: , vendor: , offHeap -> name: offHeap, amount: 0, script: , vendor: ), task resources: Map(cpus -> name: cpus, amount: 1.0)","logger":"airflow.task.hooks.airflow.providers.standard.hooks.subprocess.SubprocessHook"}
{"timestamp":"2025-06-15T12:55:27.111541","level":"info","event":"25/06/15 12:55:27 INFO ResourceProfile: Limiting resource is cpu","logger":"airflow.task.hooks.airflow.providers.standard.hooks.subprocess.SubprocessHook"}
{"timestamp":"2025-06-15T12:55:27.112694","level":"info","event":"25/06/15 12:55:27 INFO ResourceProfileManager: Added ResourceProfile id: 0","logger":"airflow.task.hooks.airflow.providers.standard.hooks.subprocess.SubprocessHook"}
{"timestamp":"2025-06-15T12:55:27.205386","level":"info","event":"25/06/15 12:55:27 INFO SecurityManager: Changing view acls to: airflow","logger":"airflow.task.hooks.airflow.providers.standard.hooks.subprocess.SubprocessHook"}
{"timestamp":"2025-06-15T12:55:27.206374","level":"info","event":"25/06/15 12:55:27 INFO SecurityManager: Changing modify acls to: airflow","logger":"airflow.task.hooks.airflow.providers.standard.hooks.subprocess.SubprocessHook"}
{"timestamp":"2025-06-15T12:55:27.207201","level":"info","event":"25/06/15 12:55:27 INFO SecurityManager: Changing view acls groups to:","logger":"airflow.task.hooks.airflow.providers.standard.hooks.subprocess.SubprocessHook"}
{"timestamp":"2025-06-15T12:55:27.207730","level":"info","event":"25/06/15 12:55:27 INFO SecurityManager: Changing modify acls groups to:","logger":"airflow.task.hooks.airflow.providers.standard.hooks.subprocess.SubprocessHook"}
{"timestamp":"2025-06-15T12:55:27.208646","level":"info","event":"25/06/15 12:55:27 INFO SecurityManager: SecurityManager: authentication disabled; ui acls disabled; users with view permissions: airflow; groups with view permissions: EMPTY; users with modify permissions: airflow; groups with modify permissions: EMPTY","logger":"airflow.task.hooks.airflow.providers.standard.hooks.subprocess.SubprocessHook"}
{"timestamp":"2025-06-15T12:55:27.569962","level":"info","event":"25/06/15 12:55:27 INFO Utils: Successfully started service 'sparkDriver' on port 42051.","logger":"airflow.task.hooks.airflow.providers.standard.hooks.subprocess.SubprocessHook"}
{"timestamp":"2025-06-15T12:55:27.610406","level":"info","event":"25/06/15 12:55:27 INFO SparkEnv: Registering MapOutputTracker","logger":"airflow.task.hooks.airflow.providers.standard.hooks.subprocess.SubprocessHook"}
{"timestamp":"2025-06-15T12:55:27.681812","level":"info","event":"25/06/15 12:55:27 INFO SparkEnv: Registering BlockManagerMaster","logger":"airflow.task.hooks.airflow.providers.standard.hooks.subprocess.SubprocessHook"}
{"timestamp":"2025-06-15T12:55:27.712350","level":"info","event":"25/06/15 12:55:27 INFO BlockManagerMasterEndpoint: Using org.apache.spark.storage.DefaultTopologyMapper for getting topology information","logger":"airflow.task.hooks.airflow.providers.standard.hooks.subprocess.SubprocessHook"}
{"timestamp":"2025-06-15T12:55:27.714084","level":"info","event":"25/06/15 12:55:27 INFO BlockManagerMasterEndpoint: BlockManagerMasterEndpoint up","logger":"airflow.task.hooks.airflow.providers.standard.hooks.subprocess.SubprocessHook"}
{"timestamp":"2025-06-15T12:55:27.723754","level":"info","event":"25/06/15 12:55:27 INFO SparkEnv: Registering BlockManagerMasterHeartbeat","logger":"airflow.task.hooks.airflow.providers.standard.hooks.subprocess.SubprocessHook"}
{"timestamp":"2025-06-15T12:55:27.757691","level":"info","event":"25/06/15 12:55:27 INFO DiskBlockManager: Created local directory at /tmp/blockmgr-47165452-b714-401e-9456-a1b7fdea004b","logger":"airflow.task.hooks.airflow.providers.standard.hooks.subprocess.SubprocessHook"}
{"timestamp":"2025-06-15T12:55:27.794736","level":"info","event":"25/06/15 12:55:27 INFO MemoryStore: MemoryStore started with capacity 434.4 MiB","logger":"airflow.task.hooks.airflow.providers.standard.hooks.subprocess.SubprocessHook"}
{"timestamp":"2025-06-15T12:55:27.817769","level":"info","event":"25/06/15 12:55:27 INFO SparkEnv: Registering OutputCommitCoordinator","logger":"airflow.task.hooks.airflow.providers.standard.hooks.subprocess.SubprocessHook"}
{"timestamp":"2025-06-15T12:55:28.019115","level":"info","event":"25/06/15 12:55:28 INFO JettyUtils: Start Jetty 0.0.0.0:4040 for SparkUI","logger":"airflow.task.hooks.airflow.providers.standard.hooks.subprocess.SubprocessHook"}
{"timestamp":"2025-06-15T12:55:28.130474","level":"info","event":"25/06/15 12:55:28 INFO Utils: Successfully started service 'SparkUI' on port 4040.","logger":"airflow.task.hooks.airflow.providers.standard.hooks.subprocess.SubprocessHook"}
{"timestamp":"2025-06-15T12:55:28.354312","level":"info","event":"25/06/15 12:55:28 INFO StandaloneAppClient$ClientEndpoint: Connecting to master spark://spark-master:7077...","logger":"airflow.task.hooks.airflow.providers.standard.hooks.subprocess.SubprocessHook"}
{"timestamp":"2025-06-15T12:55:28.442161","level":"info","event":"25/06/15 12:55:28 INFO TransportClientFactory: Successfully created connection to spark-master/172.18.0.8:7077 after 49 ms (0 ms spent in bootstraps)","logger":"airflow.task.hooks.airflow.providers.standard.hooks.subprocess.SubprocessHook"}
{"timestamp":"2025-06-15T12:55:28.604833","level":"info","event":"25/06/15 12:55:28 INFO StandaloneSchedulerBackend: Connected to Spark cluster with app ID app-20250615125528-0008","logger":"airflow.task.hooks.airflow.providers.standard.hooks.subprocess.SubprocessHook"}
{"timestamp":"2025-06-15T12:55:28.610683","level":"info","event":"25/06/15 12:55:28 INFO StandaloneAppClient$ClientEndpoint: Executor added: app-20250615125528-0008/0 on worker-20250615115738-172.18.0.9-43281 (172.18.0.9:43281) with 1 core(s)","logger":"airflow.task.hooks.airflow.providers.standard.hooks.subprocess.SubprocessHook"}
{"timestamp":"2025-06-15T12:55:28.616273","level":"info","event":"25/06/15 12:55:28 INFO StandaloneSchedulerBackend: Granted executor ID app-20250615125528-0008/0 on hostPort 172.18.0.9:43281 with 1 core(s), 1024.0 MiB RAM","logger":"airflow.task.hooks.airflow.providers.standard.hooks.subprocess.SubprocessHook"}
{"timestamp":"2025-06-15T12:55:28.623354","level":"info","event":"25/06/15 12:55:28 INFO Utils: Successfully started service 'org.apache.spark.network.netty.NettyBlockTransferService' on port 40391.","logger":"airflow.task.hooks.airflow.providers.standard.hooks.subprocess.SubprocessHook"}
{"timestamp":"2025-06-15T12:55:28.623602","level":"info","event":"25/06/15 12:55:28 INFO NettyBlockTransferService: Server created on 3e8077fa8995:40391","logger":"airflow.task.hooks.airflow.providers.standard.hooks.subprocess.SubprocessHook"}
{"timestamp":"2025-06-15T12:55:28.626843","level":"info","event":"25/06/15 12:55:28 INFO BlockManager: Using org.apache.spark.storage.RandomBlockReplicationPolicy for block replication policy","logger":"airflow.task.hooks.airflow.providers.standard.hooks.subprocess.SubprocessHook"}
{"timestamp":"2025-06-15T12:55:28.635763","level":"info","event":"25/06/15 12:55:28 INFO BlockManagerMaster: Registering BlockManager BlockManagerId(driver, 3e8077fa8995, 40391, None)","logger":"airflow.task.hooks.airflow.providers.standard.hooks.subprocess.SubprocessHook"}
{"timestamp":"2025-06-15T12:55:28.644245","level":"info","event":"25/06/15 12:55:28 INFO BlockManagerMasterEndpoint: Registering block manager 3e8077fa8995:40391 with 434.4 MiB RAM, BlockManagerId(driver, 3e8077fa8995, 40391, None)","logger":"airflow.task.hooks.airflow.providers.standard.hooks.subprocess.SubprocessHook"}
{"timestamp":"2025-06-15T12:55:28.648221","level":"info","event":"25/06/15 12:55:28 INFO BlockManagerMaster: Registered BlockManager BlockManagerId(driver, 3e8077fa8995, 40391, None)","logger":"airflow.task.hooks.airflow.providers.standard.hooks.subprocess.SubprocessHook"}
{"timestamp":"2025-06-15T12:55:28.648492","level":"info","event":"25/06/15 12:55:28 INFO BlockManager: Initialized BlockManager: BlockManagerId(driver, 3e8077fa8995, 40391, None)","logger":"airflow.task.hooks.airflow.providers.standard.hooks.subprocess.SubprocessHook"}
{"timestamp":"2025-06-15T12:55:28.716007","level":"info","event":"25/06/15 12:55:28 INFO StandaloneAppClient$ClientEndpoint: Executor updated: app-20250615125528-0008/0 is now RUNNING","logger":"airflow.task.hooks.airflow.providers.standard.hooks.subprocess.SubprocessHook"}
{"timestamp":"2025-06-15T12:55:29.006229","level":"info","event":"25/06/15 12:55:29 INFO StandaloneSchedulerBackend: SchedulerBackend is ready for scheduling beginning after reached minRegisteredResourcesRatio: 0.0","logger":"airflow.task.hooks.airflow.providers.standard.hooks.subprocess.SubprocessHook"}
{"timestamp":"2025-06-15T12:55:29.578843","level":"info","event":"25/06/15 12:55:29 INFO SharedState: Setting hive.metastore.warehouse.dir ('null') to the value of spark.sql.warehouse.dir.","logger":"airflow.task.hooks.airflow.providers.standard.hooks.subprocess.SubprocessHook"}
{"timestamp":"2025-06-15T12:55:29.599139","level":"info","event":"25/06/15 12:55:29 INFO SharedState: Warehouse path is 'file:/tmp/airflowtmp56dj5tqc/spark-warehouse'.","logger":"airflow.task.hooks.airflow.providers.standard.hooks.subprocess.SubprocessHook"}
{"timestamp":"2025-06-15T12:55:34.151028","level":"info","event":"25/06/15 12:55:34 INFO CodeGenerator: Code generated in 391.857764 ms","logger":"airflow.task.hooks.airflow.providers.standard.hooks.subprocess.SubprocessHook"}
{"timestamp":"2025-06-15T12:55:34.236494","level":"info","event":"25/06/15 12:55:34 INFO SparkContext: Starting job: showString at NativeMethodAccessorImpl.java:0","logger":"airflow.task.hooks.airflow.providers.standard.hooks.subprocess.SubprocessHook"}
{"timestamp":"2025-06-15T12:55:34.267418","level":"info","event":"25/06/15 12:55:34 INFO DAGScheduler: Got job 0 (showString at NativeMethodAccessorImpl.java:0) with 1 output partitions","logger":"airflow.task.hooks.airflow.providers.standard.hooks.subprocess.SubprocessHook"}
{"timestamp":"2025-06-15T12:55:34.268200","level":"info","event":"25/06/15 12:55:34 INFO DAGScheduler: Final stage: ResultStage 0 (showString at NativeMethodAccessorImpl.java:0)","logger":"airflow.task.hooks.airflow.providers.standard.hooks.subprocess.SubprocessHook"}
{"timestamp":"2025-06-15T12:55:34.269447","level":"info","event":"25/06/15 12:55:34 INFO DAGScheduler: Parents of final stage: List()","logger":"airflow.task.hooks.airflow.providers.standard.hooks.subprocess.SubprocessHook"}
{"timestamp":"2025-06-15T12:55:34.272381","level":"info","event":"25/06/15 12:55:34 INFO DAGScheduler: Missing parents: List()","logger":"airflow.task.hooks.airflow.providers.standard.hooks.subprocess.SubprocessHook"}
{"timestamp":"2025-06-15T12:55:34.281780","level":"info","event":"25/06/15 12:55:34 INFO DAGScheduler: Submitting ResultStage 0 (MapPartitionsRDD[6] at showString at NativeMethodAccessorImpl.java:0), which has no missing parents","logger":"airflow.task.hooks.airflow.providers.standard.hooks.subprocess.SubprocessHook"}
{"timestamp":"2025-06-15T12:55:34.466248","level":"info","event":"25/06/15 12:55:34 INFO MemoryStore: Block broadcast_0 stored as values in memory (estimated size 12.6 KiB, free 434.4 MiB)","logger":"airflow.task.hooks.airflow.providers.standard.hooks.subprocess.SubprocessHook"}
{"timestamp":"2025-06-15T12:55:34.538709","level":"info","event":"25/06/15 12:55:34 INFO MemoryStore: Block broadcast_0_piece0 stored as bytes in memory (estimated size 6.6 KiB, free 434.4 MiB)","logger":"airflow.task.hooks.airflow.providers.standard.hooks.subprocess.SubprocessHook"}
{"timestamp":"2025-06-15T12:55:34.544735","level":"info","event":"25/06/15 12:55:34 INFO BlockManagerInfo: Added broadcast_0_piece0 in memory on 3e8077fa8995:40391 (size: 6.6 KiB, free: 434.4 MiB)","logger":"airflow.task.hooks.airflow.providers.standard.hooks.subprocess.SubprocessHook"}
{"timestamp":"2025-06-15T12:55:34.554258","level":"info","event":"25/06/15 12:55:34 INFO SparkContext: Created broadcast 0 from broadcast at DAGScheduler.scala:1580","logger":"airflow.task.hooks.airflow.providers.standard.hooks.subprocess.SubprocessHook"}
{"timestamp":"2025-06-15T12:55:34.587215","level":"info","event":"25/06/15 12:55:34 INFO DAGScheduler: Submitting 1 missing tasks from ResultStage 0 (MapPartitionsRDD[6] at showString at NativeMethodAccessorImpl.java:0) (first 15 tasks are for partitions Vector(0))","logger":"airflow.task.hooks.airflow.providers.standard.hooks.subprocess.SubprocessHook"}
{"timestamp":"2025-06-15T12:55:34.591265","level":"info","event":"25/06/15 12:55:34 INFO TaskSchedulerImpl: Adding task set 0.0 with 1 tasks resource profile 0","logger":"airflow.task.hooks.airflow.providers.standard.hooks.subprocess.SubprocessHook"}
{"timestamp":"2025-06-15T12:55:37.611356","level":"info","event":"25/06/15 12:55:37 INFO StandaloneSchedulerBackend$StandaloneDriverEndpoint: Registered executor NettyRpcEndpointRef(spark-client://Executor) (172.18.0.9:35696) with ID 0,  ResourceProfileId 0","logger":"airflow.task.hooks.airflow.providers.standard.hooks.subprocess.SubprocessHook"}
{"timestamp":"2025-06-15T12:55:37.815710","level":"info","event":"25/06/15 12:55:37 INFO BlockManagerMasterEndpoint: Registering block manager 172.18.0.9:37543 with 413.9 MiB RAM, BlockManagerId(0, 172.18.0.9, 37543, None)","logger":"airflow.task.hooks.airflow.providers.standard.hooks.subprocess.SubprocessHook"}
{"timestamp":"2025-06-15T12:55:37.958971","level":"info","event":"25/06/15 12:55:37 INFO TaskSetManager: Starting task 0.0 in stage 0.0 (TID 0) (172.18.0.9, executor 0, partition 0, PROCESS_LOCAL, 7636 bytes)","logger":"airflow.task.hooks.airflow.providers.standard.hooks.subprocess.SubprocessHook"}
{"timestamp":"2025-06-15T12:55:38.802497","level":"info","event":"25/06/15 12:55:38 INFO BlockManagerInfo: Added broadcast_0_piece0 in memory on 172.18.0.9:37543 (size: 6.6 KiB, free: 413.9 MiB)","logger":"airflow.task.hooks.airflow.providers.standard.hooks.subprocess.SubprocessHook"}
{"timestamp":"2025-06-15T12:55:43.217217","level":"info","event":"25/06/15 12:55:43 INFO TaskSetManager: Finished task 0.0 in stage 0.0 (TID 0) in 5276 ms on 172.18.0.9 (executor 0) (1/1)","logger":"airflow.task.hooks.airflow.providers.standard.hooks.subprocess.SubprocessHook"}
{"timestamp":"2025-06-15T12:55:43.220035","level":"info","event":"25/06/15 12:55:43 INFO TaskSchedulerImpl: Removed TaskSet 0.0, whose tasks have all completed, from pool","logger":"airflow.task.hooks.airflow.providers.standard.hooks.subprocess.SubprocessHook"}
{"timestamp":"2025-06-15T12:55:43.235202","level":"info","event":"25/06/15 12:55:43 INFO PythonAccumulatorV2: Connected to AccumulatorServer at host: 127.0.0.1 port: 59913","logger":"airflow.task.hooks.airflow.providers.standard.hooks.subprocess.SubprocessHook"}
{"timestamp":"2025-06-15T12:55:43.245411","level":"info","event":"25/06/15 12:55:43 INFO DAGScheduler: ResultStage 0 (showString at NativeMethodAccessorImpl.java:0) finished in 8.925 s","logger":"airflow.task.hooks.airflow.providers.standard.hooks.subprocess.SubprocessHook"}
{"timestamp":"2025-06-15T12:55:43.251795","level":"info","event":"25/06/15 12:55:43 INFO DAGScheduler: Job 0 is finished. Cancelling potential speculative or zombie tasks for this job","logger":"airflow.task.hooks.airflow.providers.standard.hooks.subprocess.SubprocessHook"}
{"timestamp":"2025-06-15T12:55:43.254711","level":"info","event":"25/06/15 12:55:43 INFO TaskSchedulerImpl: Killing all running tasks in stage 0: Stage finished","logger":"airflow.task.hooks.airflow.providers.standard.hooks.subprocess.SubprocessHook"}
{"timestamp":"2025-06-15T12:55:43.257821","level":"info","event":"25/06/15 12:55:43 INFO DAGScheduler: Job 0 finished: showString at NativeMethodAccessorImpl.java:0, took 9.019842 s","logger":"airflow.task.hooks.airflow.providers.standard.hooks.subprocess.SubprocessHook"}
{"timestamp":"2025-06-15T12:55:43.277247","level":"info","event":"25/06/15 12:55:43 INFO SparkContext: Starting job: showString at NativeMethodAccessorImpl.java:0","logger":"airflow.task.hooks.airflow.providers.standard.hooks.subprocess.SubprocessHook"}
{"timestamp":"2025-06-15T12:55:43.279746","level":"info","event":"25/06/15 12:55:43 INFO DAGScheduler: Got job 1 (showString at NativeMethodAccessorImpl.java:0) with 1 output partitions","logger":"airflow.task.hooks.airflow.providers.standard.hooks.subprocess.SubprocessHook"}
{"timestamp":"2025-06-15T12:55:43.279963","level":"info","event":"25/06/15 12:55:43 INFO DAGScheduler: Final stage: ResultStage 1 (showString at NativeMethodAccessorImpl.java:0)","logger":"airflow.task.hooks.airflow.providers.standard.hooks.subprocess.SubprocessHook"}
{"timestamp":"2025-06-15T12:55:43.280044","level":"info","event":"25/06/15 12:55:43 INFO DAGScheduler: Parents of final stage: List()","logger":"airflow.task.hooks.airflow.providers.standard.hooks.subprocess.SubprocessHook"}
{"timestamp":"2025-06-15T12:55:43.280986","level":"info","event":"25/06/15 12:55:43 INFO DAGScheduler: Missing parents: List()","logger":"airflow.task.hooks.airflow.providers.standard.hooks.subprocess.SubprocessHook"}
{"timestamp":"2025-06-15T12:55:43.282392","level":"info","event":"25/06/15 12:55:43 INFO DAGScheduler: Submitting ResultStage 1 (MapPartitionsRDD[6] at showString at NativeMethodAccessorImpl.java:0), which has no missing parents","logger":"airflow.task.hooks.airflow.providers.standard.hooks.subprocess.SubprocessHook"}
{"timestamp":"2025-06-15T12:55:43.289210","level":"info","event":"25/06/15 12:55:43 INFO MemoryStore: Block broadcast_1 stored as values in memory (estimated size 12.6 KiB, free 434.4 MiB)","logger":"airflow.task.hooks.airflow.providers.standard.hooks.subprocess.SubprocessHook"}
{"timestamp":"2025-06-15T12:55:43.299572","level":"info","event":"25/06/15 12:55:43 INFO MemoryStore: Block broadcast_1_piece0 stored as bytes in memory (estimated size 6.6 KiB, free 434.4 MiB)","logger":"airflow.task.hooks.airflow.providers.standard.hooks.subprocess.SubprocessHook"}
{"timestamp":"2025-06-15T12:55:43.304323","level":"info","event":"25/06/15 12:55:43 INFO BlockManagerInfo: Added broadcast_1_piece0 in memory on 3e8077fa8995:40391 (size: 6.6 KiB, free: 434.4 MiB)","logger":"airflow.task.hooks.airflow.providers.standard.hooks.subprocess.SubprocessHook"}
{"timestamp":"2025-06-15T12:55:43.305179","level":"info","event":"25/06/15 12:55:43 INFO SparkContext: Created broadcast 1 from broadcast at DAGScheduler.scala:1580","logger":"airflow.task.hooks.airflow.providers.standard.hooks.subprocess.SubprocessHook"}
{"timestamp":"2025-06-15T12:55:43.306590","level":"info","event":"25/06/15 12:55:43 INFO DAGScheduler: Submitting 1 missing tasks from ResultStage 1 (MapPartitionsRDD[6] at showString at NativeMethodAccessorImpl.java:0) (first 15 tasks are for partitions Vector(1))","logger":"airflow.task.hooks.airflow.providers.standard.hooks.subprocess.SubprocessHook"}
{"timestamp":"2025-06-15T12:55:43.307157","level":"info","event":"25/06/15 12:55:43 INFO TaskSchedulerImpl: Adding task set 1.0 with 1 tasks resource profile 0","logger":"airflow.task.hooks.airflow.providers.standard.hooks.subprocess.SubprocessHook"}
{"timestamp":"2025-06-15T12:55:43.312825","level":"info","event":"25/06/15 12:55:43 INFO TaskSetManager: Starting task 0.0 in stage 1.0 (TID 1) (172.18.0.9, executor 0, partition 1, PROCESS_LOCAL, 7634 bytes)","logger":"airflow.task.hooks.airflow.providers.standard.hooks.subprocess.SubprocessHook"}
{"timestamp":"2025-06-15T12:55:43.351255","level":"info","event":"25/06/15 12:55:43 INFO BlockManagerInfo: Removed broadcast_0_piece0 on 3e8077fa8995:40391 in memory (size: 6.6 KiB, free: 434.4 MiB)","logger":"airflow.task.hooks.airflow.providers.standard.hooks.subprocess.SubprocessHook"}
{"timestamp":"2025-06-15T12:55:43.372280","level":"info","event":"25/06/15 12:55:43 INFO BlockManagerInfo: Added broadcast_1_piece0 in memory on 172.18.0.9:37543 (size: 6.6 KiB, free: 413.9 MiB)","logger":"airflow.task.hooks.airflow.providers.standard.hooks.subprocess.SubprocessHook"}
{"timestamp":"2025-06-15T12:55:43.373438","level":"info","event":"25/06/15 12:55:43 INFO BlockManagerInfo: Removed broadcast_0_piece0 on 172.18.0.9:37543 in memory (size: 6.6 KiB, free: 413.9 MiB)","logger":"airflow.task.hooks.airflow.providers.standard.hooks.subprocess.SubprocessHook"}
{"timestamp":"2025-06-15T12:55:43.726082","level":"info","event":"25/06/15 12:55:43 INFO TaskSetManager: Finished task 0.0 in stage 1.0 (TID 1) in 414 ms on 172.18.0.9 (executor 0) (1/1)","logger":"airflow.task.hooks.airflow.providers.standard.hooks.subprocess.SubprocessHook"}
{"timestamp":"2025-06-15T12:55:43.726874","level":"info","event":"25/06/15 12:55:43 INFO TaskSchedulerImpl: Removed TaskSet 1.0, whose tasks have all completed, from pool","logger":"airflow.task.hooks.airflow.providers.standard.hooks.subprocess.SubprocessHook"}
{"timestamp":"2025-06-15T12:55:43.728487","level":"info","event":"25/06/15 12:55:43 INFO DAGScheduler: ResultStage 1 (showString at NativeMethodAccessorImpl.java:0) finished in 0.443 s","logger":"airflow.task.hooks.airflow.providers.standard.hooks.subprocess.SubprocessHook"}
{"timestamp":"2025-06-15T12:55:43.729430","level":"info","event":"25/06/15 12:55:43 INFO DAGScheduler: Job 1 is finished. Cancelling potential speculative or zombie tasks for this job","logger":"airflow.task.hooks.airflow.providers.standard.hooks.subprocess.SubprocessHook"}
{"timestamp":"2025-06-15T12:55:43.729719","level":"info","event":"25/06/15 12:55:43 INFO TaskSchedulerImpl: Killing all running tasks in stage 1: Stage finished","logger":"airflow.task.hooks.airflow.providers.standard.hooks.subprocess.SubprocessHook"}
{"timestamp":"2025-06-15T12:55:43.730265","level":"info","event":"25/06/15 12:55:43 INFO DAGScheduler: Job 1 finished: showString at NativeMethodAccessorImpl.java:0, took 0.452528 s","logger":"airflow.task.hooks.airflow.providers.standard.hooks.subprocess.SubprocessHook"}
{"timestamp":"2025-06-15T12:55:44.959247","level":"info","event":"25/06/15 12:55:44 INFO BlockManagerInfo: Removed broadcast_1_piece0 on 3e8077fa8995:40391 in memory (size: 6.6 KiB, free: 434.4 MiB)","logger":"airflow.task.hooks.airflow.providers.standard.hooks.subprocess.SubprocessHook"}
{"timestamp":"2025-06-15T12:55:44.966570","level":"info","event":"25/06/15 12:55:44 INFO BlockManagerInfo: Removed broadcast_1_piece0 on 172.18.0.9:37543 in memory (size: 6.6 KiB, free: 413.9 MiB)","logger":"airflow.task.hooks.airflow.providers.standard.hooks.subprocess.SubprocessHook"}
{"timestamp":"2025-06-15T12:55:45.292197","level":"info","event":"25/06/15 12:55:45 INFO CodeGenerator: Code generated in 22.837214 ms","logger":"airflow.task.hooks.airflow.providers.standard.hooks.subprocess.SubprocessHook"}
{"timestamp":"2025-06-15T12:55:45.307420","level":"info","event":"+-----+---+","logger":"airflow.task.hooks.airflow.providers.standard.hooks.subprocess.SubprocessHook"}
{"timestamp":"2025-06-15T12:55:45.307767","level":"info","event":"| name|age|","logger":"airflow.task.hooks.airflow.providers.standard.hooks.subprocess.SubprocessHook"}
{"timestamp":"2025-06-15T12:55:45.307997","level":"info","event":"+-----+---+","logger":"airflow.task.hooks.airflow.providers.standard.hooks.subprocess.SubprocessHook"}
{"timestamp":"2025-06-15T12:55:45.308173","level":"info","event":"|Alice| 25|","logger":"airflow.task.hooks.airflow.providers.standard.hooks.subprocess.SubprocessHook"}
{"timestamp":"2025-06-15T12:55:45.308335","level":"info","event":"|  Bob| 33|","logger":"airflow.task.hooks.airflow.providers.standard.hooks.subprocess.SubprocessHook"}
{"timestamp":"2025-06-15T12:55:45.308504","level":"info","event":"+-----+---+","logger":"airflow.task.hooks.airflow.providers.standard.hooks.subprocess.SubprocessHook"}
{"timestamp":"2025-06-15T12:55:45.308692","level":"info","event":"","logger":"airflow.task.hooks.airflow.providers.standard.hooks.subprocess.SubprocessHook"}
{"timestamp":"2025-06-15T12:56:45.353263","level":"info","event":"25/06/15 12:56:45 INFO SparkContext: SparkContext is stopping with exitCode 0.","logger":"airflow.task.hooks.airflow.providers.standard.hooks.subprocess.SubprocessHook"}
{"timestamp":"2025-06-15T12:56:45.391384","level":"info","event":"25/06/15 12:56:45 INFO SparkUI: Stopped Spark web UI at http://3e8077fa8995:4040","logger":"airflow.task.hooks.airflow.providers.standard.hooks.subprocess.SubprocessHook"}
{"timestamp":"2025-06-15T12:56:45.402155","level":"info","event":"25/06/15 12:56:45 INFO StandaloneSchedulerBackend: Shutting down all executors","logger":"airflow.task.hooks.airflow.providers.standard.hooks.subprocess.SubprocessHook"}
{"timestamp":"2025-06-15T12:56:45.403156","level":"info","event":"25/06/15 12:56:45 INFO StandaloneSchedulerBackend$StandaloneDriverEndpoint: Asking each executor to shut down","logger":"airflow.task.hooks.airflow.providers.standard.hooks.subprocess.SubprocessHook"}
{"timestamp":"2025-06-15T12:56:45.451005","level":"info","event":"25/06/15 12:56:45 INFO MapOutputTrackerMasterEndpoint: MapOutputTrackerMasterEndpoint stopped!","logger":"airflow.task.hooks.airflow.providers.standard.hooks.subprocess.SubprocessHook"}
{"timestamp":"2025-06-15T12:56:45.481214","level":"info","event":"25/06/15 12:56:45 INFO MemoryStore: MemoryStore cleared","logger":"airflow.task.hooks.airflow.providers.standard.hooks.subprocess.SubprocessHook"}
{"timestamp":"2025-06-15T12:56:45.484772","level":"info","event":"25/06/15 12:56:45 INFO BlockManager: BlockManager stopped","logger":"airflow.task.hooks.airflow.providers.standard.hooks.subprocess.SubprocessHook"}
{"timestamp":"2025-06-15T12:56:45.491696","level":"info","event":"25/06/15 12:56:45 INFO BlockManagerMaster: BlockManagerMaster stopped","logger":"airflow.task.hooks.airflow.providers.standard.hooks.subprocess.SubprocessHook"}
{"timestamp":"2025-06-15T12:56:45.498279","level":"info","event":"25/06/15 12:56:45 INFO OutputCommitCoordinator$OutputCommitCoordinatorEndpoint: OutputCommitCoordinator stopped!","logger":"airflow.task.hooks.airflow.providers.standard.hooks.subprocess.SubprocessHook"}
{"timestamp":"2025-06-15T12:56:45.521806","level":"info","event":"25/06/15 12:56:45 INFO SparkContext: Successfully stopped SparkContext","logger":"airflow.task.hooks.airflow.providers.standard.hooks.subprocess.SubprocessHook"}
{"timestamp":"2025-06-15T12:56:45.902164","level":"info","event":"25/06/15 12:56:45 INFO ShutdownHookManager: Shutdown hook called","logger":"airflow.task.hooks.airflow.providers.standard.hooks.subprocess.SubprocessHook"}
{"timestamp":"2025-06-15T12:56:45.903557","level":"info","event":"25/06/15 12:56:45 INFO ShutdownHookManager: Deleting directory /tmp/spark-10d8518d-fc54-4570-83e8-06aec48a48c3","logger":"airflow.task.hooks.airflow.providers.standard.hooks.subprocess.SubprocessHook"}
{"timestamp":"2025-06-15T12:56:45.912701","level":"info","event":"25/06/15 12:56:45 INFO ShutdownHookManager: Deleting directory /tmp/spark-10d8518d-fc54-4570-83e8-06aec48a48c3/pyspark-6d002d87-7f5a-4992-b7db-e7216591f3b2","logger":"airflow.task.hooks.airflow.providers.standard.hooks.subprocess.SubprocessHook"}
{"timestamp":"2025-06-15T12:56:45.922858","level":"info","event":"25/06/15 12:56:45 INFO ShutdownHookManager: Deleting directory /tmp/spark-dcb99318-d5df-4aa1-b5ef-271457fc143b","logger":"airflow.task.hooks.airflow.providers.standard.hooks.subprocess.SubprocessHook"}
{"timestamp":"2025-06-15T12:56:46.018216","level":"info","event":"Command exited with return code 0","logger":"airflow.task.hooks.airflow.providers.standard.hooks.subprocess.SubprocessHook"}
{"timestamp":"2025-06-15T12:56:46.022438","level":"info","event":"Pushing xcom","ti":"RuntimeTaskInstance(id=UUID('019773a8-a0ee-7de0-b3cb-e59957fef36c'), task_id='spark_submit_job', dag_id='spark_submit_via_bash', run_id='manual__2025-06-15T12:55:20.495474+00:00', try_number=1, map_index=-1, hostname='3e8077fa8995', context_carrier=None, task=<Task(BashOperator): spark_submit_job>, bundle_instance=LocalDagBundle(name=dags-folder), max_tries=0, start_date=datetime.datetime(2025, 6, 15, 12, 55, 21, 712347, tzinfo=TzInfo(UTC)), end_date=None, state=<TaskInstanceState.RUNNING: 'running'>, is_mapped=False, rendered_map_index=None)","logger":"task"}
