{"timestamp":"2025-06-15T12:50:15.529168","level":"info","event":"DAG bundles loaded: dags-folder","logger":"airflow.dag_processing.bundles.manager.DagBundlesManager"}
{"timestamp":"2025-06-15T12:50:15.530501","level":"info","event":"Filling up the DagBag from /opt/airflow/dags/spark_submit.py","logger":"airflow.models.dagbag.DagBag"}
{"timestamp":"2025-06-15T12:50:15.552998","level":"info","event":"Tmp dir root location: /tmp","logger":"airflow.task.hooks.airflow.providers.standard.hooks.subprocess.SubprocessHook"}
{"timestamp":"2025-06-15T12:50:15.554104","level":"info","event":"Running command: ['/usr/bin/bash', '-c', '\\n#!/bin/bash\\nspark-submit   --master spark://spark-master:7077   --conf spark.eventLog.enabled=false   /opt/airflow/dags/hello_spark.py']","logger":"airflow.task.hooks.airflow.providers.standard.hooks.subprocess.SubprocessHook"}
{"timestamp":"2025-06-15T12:50:15.571765","level":"info","event":"Output:","logger":"airflow.task.hooks.airflow.providers.standard.hooks.subprocess.SubprocessHook"}
{"timestamp":"2025-06-15T12:50:20.803612","level":"info","event":"25/06/15 12:50:20 INFO SparkContext: Running Spark version 3.5.0","logger":"airflow.task.hooks.airflow.providers.standard.hooks.subprocess.SubprocessHook"}
{"timestamp":"2025-06-15T12:50:20.812452","level":"info","event":"25/06/15 12:50:20 INFO SparkContext: OS info Linux, 6.8.0-55-generic, amd64","logger":"airflow.task.hooks.airflow.providers.standard.hooks.subprocess.SubprocessHook"}
{"timestamp":"2025-06-15T12:50:20.815131","level":"info","event":"25/06/15 12:50:20 INFO SparkContext: Java version 17.0.15","logger":"airflow.task.hooks.airflow.providers.standard.hooks.subprocess.SubprocessHook"}
{"timestamp":"2025-06-15T12:50:21.001571","level":"info","event":"25/06/15 12:50:20 WARN NativeCodeLoader: Unable to load native-hadoop library for your platform... using builtin-java classes where applicable","logger":"airflow.task.hooks.airflow.providers.standard.hooks.subprocess.SubprocessHook"}
{"timestamp":"2025-06-15T12:50:21.236744","level":"info","event":"25/06/15 12:50:21 INFO ResourceUtils: ==============================================================","logger":"airflow.task.hooks.airflow.providers.standard.hooks.subprocess.SubprocessHook"}
{"timestamp":"2025-06-15T12:50:21.237991","level":"info","event":"25/06/15 12:50:21 INFO ResourceUtils: No custom resources configured for spark.driver.","logger":"airflow.task.hooks.airflow.providers.standard.hooks.subprocess.SubprocessHook"}
{"timestamp":"2025-06-15T12:50:21.238277","level":"info","event":"25/06/15 12:50:21 INFO ResourceUtils: ==============================================================","logger":"airflow.task.hooks.airflow.providers.standard.hooks.subprocess.SubprocessHook"}
{"timestamp":"2025-06-15T12:50:21.238908","level":"info","event":"25/06/15 12:50:21 INFO SparkContext: Submitted application: HelloSpark","logger":"airflow.task.hooks.airflow.providers.standard.hooks.subprocess.SubprocessHook"}
{"timestamp":"2025-06-15T12:50:21.248329","level":"info","event":"25/06/15 12:50:21 INFO SparkContext: Spark configuration:","logger":"airflow.task.hooks.airflow.providers.standard.hooks.subprocess.SubprocessHook"}
{"timestamp":"2025-06-15T12:50:21.248658","level":"info","event":"spark.app.name=HelloSpark","logger":"airflow.task.hooks.airflow.providers.standard.hooks.subprocess.SubprocessHook"}
{"timestamp":"2025-06-15T12:50:21.248852","level":"info","event":"spark.app.startTime=1749991820759","logger":"airflow.task.hooks.airflow.providers.standard.hooks.subprocess.SubprocessHook"}
{"timestamp":"2025-06-15T12:50:21.249049","level":"info","event":"spark.app.submitTime=1749991818650","logger":"airflow.task.hooks.airflow.providers.standard.hooks.subprocess.SubprocessHook"}
{"timestamp":"2025-06-15T12:50:21.249220","level":"info","event":"spark.delta.logStore.class=org.apache.spark.sql.delta.storage.S3SingleDriverLogStore","logger":"airflow.task.hooks.airflow.providers.standard.hooks.subprocess.SubprocessHook"}
{"timestamp":"2025-06-15T12:50:21.249397","level":"info","event":"spark.driver.extraJavaOptions=-Djava.net.preferIPv6Addresses=false -XX:+IgnoreUnrecognizedVMOptions --add-opens=java.base/java.lang=ALL-UNNAMED --add-opens=java.base/java.lang.invoke=ALL-UNNAMED --add-opens=java.base/java.lang.reflect=ALL-UNNAMED --add-opens=java.base/java.io=ALL-UNNAMED --add-opens=java.base/java.net=ALL-UNNAMED --add-opens=java.base/java.nio=ALL-UNNAMED --add-opens=java.base/java.util=ALL-UNNAMED --add-opens=java.base/java.util.concurrent=ALL-UNNAMED --add-opens=java.base/java.util.concurrent.atomic=ALL-UNNAMED --add-opens=java.base/sun.nio.ch=ALL-UNNAMED --add-opens=java.base/sun.nio.cs=ALL-UNNAMED --add-opens=java.base/sun.security.action=ALL-UNNAMED --add-opens=java.base/sun.util.calendar=ALL-UNNAMED --add-opens=java.security.jgss/sun.security.krb5=ALL-UNNAMED -Djdk.reflect.useDirectMethodHandle=false","logger":"airflow.task.hooks.airflow.providers.standard.hooks.subprocess.SubprocessHook"}
{"timestamp":"2025-06-15T12:50:21.249630","level":"info","event":"spark.eventLog.dir=/opt/spark/history","logger":"airflow.task.hooks.airflow.providers.standard.hooks.subprocess.SubprocessHook"}
{"timestamp":"2025-06-15T12:50:21.249790","level":"info","event":"spark.eventLog.enabled=false","logger":"airflow.task.hooks.airflow.providers.standard.hooks.subprocess.SubprocessHook"}
{"timestamp":"2025-06-15T12:50:21.249963","level":"info","event":"spark.executor.extraJavaOptions=-Djava.net.preferIPv6Addresses=false -XX:+IgnoreUnrecognizedVMOptions --add-opens=java.base/java.lang=ALL-UNNAMED --add-opens=java.base/java.lang.invoke=ALL-UNNAMED --add-opens=java.base/java.lang.reflect=ALL-UNNAMED --add-opens=java.base/java.io=ALL-UNNAMED --add-opens=java.base/java.net=ALL-UNNAMED --add-opens=java.base/java.nio=ALL-UNNAMED --add-opens=java.base/java.util=ALL-UNNAMED --add-opens=java.base/java.util.concurrent=ALL-UNNAMED --add-opens=java.base/java.util.concurrent.atomic=ALL-UNNAMED --add-opens=java.base/sun.nio.ch=ALL-UNNAMED --add-opens=java.base/sun.nio.cs=ALL-UNNAMED --add-opens=java.base/sun.security.action=ALL-UNNAMED --add-opens=java.base/sun.util.calendar=ALL-UNNAMED --add-opens=java.security.jgss/sun.security.krb5=ALL-UNNAMED -Djdk.reflect.useDirectMethodHandle=false","logger":"airflow.task.hooks.airflow.providers.standard.hooks.subprocess.SubprocessHook"}
{"timestamp":"2025-06-15T12:50:21.250144","level":"info","event":"spark.hadoop.fs.s3a.access.key=*********(redacted)","logger":"airflow.task.hooks.airflow.providers.standard.hooks.subprocess.SubprocessHook"}
{"timestamp":"2025-06-15T12:50:21.250323","level":"info","event":"spark.hadoop.fs.s3a.endpoint=http://minio:9000","logger":"airflow.task.hooks.airflow.providers.standard.hooks.subprocess.SubprocessHook"}
{"timestamp":"2025-06-15T12:50:21.250471","level":"info","event":"spark.hadoop.fs.s3a.fast.upload=true","logger":"airflow.task.hooks.airflow.providers.standard.hooks.subprocess.SubprocessHook"}
{"timestamp":"2025-06-15T12:50:21.250624","level":"info","event":"spark.hadoop.fs.s3a.impl=org.apache.hadoop.fs.s3a.S3AFileSystem","logger":"airflow.task.hooks.airflow.providers.standard.hooks.subprocess.SubprocessHook"}
{"timestamp":"2025-06-15T12:50:21.250735","level":"info","event":"spark.hadoop.fs.s3a.multiobjectdelete.enable=true","logger":"airflow.task.hooks.airflow.providers.standard.hooks.subprocess.SubprocessHook"}
{"timestamp":"2025-06-15T12:50:21.250842","level":"info","event":"spark.hadoop.fs.s3a.path.style.access=true","logger":"airflow.task.hooks.airflow.providers.standard.hooks.subprocess.SubprocessHook"}
{"timestamp":"2025-06-15T12:50:21.253376","level":"info","event":"spark.hadoop.fs.s3a.secret.key=*********(redacted)","logger":"airflow.task.hooks.airflow.providers.standard.hooks.subprocess.SubprocessHook"}
{"timestamp":"2025-06-15T12:50:21.253628","level":"info","event":"spark.history.fs.logDirectory=s3a://spark/","logger":"airflow.task.hooks.airflow.providers.standard.hooks.subprocess.SubprocessHook"}
{"timestamp":"2025-06-15T12:50:21.253772","level":"info","event":"spark.logConf=true","logger":"airflow.task.hooks.airflow.providers.standard.hooks.subprocess.SubprocessHook"}
{"timestamp":"2025-06-15T12:50:21.253892","level":"info","event":"spark.master=spark://spark-master:7077","logger":"airflow.task.hooks.airflow.providers.standard.hooks.subprocess.SubprocessHook"}
{"timestamp":"2025-06-15T12:50:21.254013","level":"info","event":"spark.network.timeout=10000s","logger":"airflow.task.hooks.airflow.providers.standard.hooks.subprocess.SubprocessHook"}
{"timestamp":"2025-06-15T12:50:21.254130","level":"info","event":"spark.rdd.compress=True","logger":"airflow.task.hooks.airflow.providers.standard.hooks.subprocess.SubprocessHook"}
{"timestamp":"2025-06-15T12:50:21.254278","level":"info","event":"spark.serializer.objectStreamReset=100","logger":"airflow.task.hooks.airflow.providers.standard.hooks.subprocess.SubprocessHook"}
{"timestamp":"2025-06-15T12:50:21.254402","level":"info","event":"spark.sql.catalog.spark_catalog=org.apache.spark.sql.delta.catalog.DeltaCatalog","logger":"airflow.task.hooks.airflow.providers.standard.hooks.subprocess.SubprocessHook"}
{"timestamp":"2025-06-15T12:50:21.254507","level":"info","event":"spark.sql.extensions=io.delta.sql.DeltaSparkSessionExtension","logger":"airflow.task.hooks.airflow.providers.standard.hooks.subprocess.SubprocessHook"}
{"timestamp":"2025-06-15T12:50:21.254621","level":"info","event":"spark.sql.files.ignoreMissingFiles=true","logger":"airflow.task.hooks.airflow.providers.standard.hooks.subprocess.SubprocessHook"}
{"timestamp":"2025-06-15T12:50:21.254753","level":"info","event":"spark.sql.sources.partitionOverwriteMode=dynamic","logger":"airflow.task.hooks.airflow.providers.standard.hooks.subprocess.SubprocessHook"}
{"timestamp":"2025-06-15T12:50:21.254868","level":"info","event":"spark.submit.deployMode=client","logger":"airflow.task.hooks.airflow.providers.standard.hooks.subprocess.SubprocessHook"}
{"timestamp":"2025-06-15T12:50:21.255026","level":"info","event":"spark.submit.pyFiles=","logger":"airflow.task.hooks.airflow.providers.standard.hooks.subprocess.SubprocessHook"}
{"timestamp":"2025-06-15T12:50:21.290212","level":"info","event":"25/06/15 12:50:21 INFO ResourceProfile: Default ResourceProfile created, executor resources: Map(memory -> name: memory, amount: 1024, script: , vendor: , offHeap -> name: offHeap, amount: 0, script: , vendor: ), task resources: Map(cpus -> name: cpus, amount: 1.0)","logger":"airflow.task.hooks.airflow.providers.standard.hooks.subprocess.SubprocessHook"}
{"timestamp":"2025-06-15T12:50:21.305440","level":"info","event":"25/06/15 12:50:21 INFO ResourceProfile: Limiting resource is cpu","logger":"airflow.task.hooks.airflow.providers.standard.hooks.subprocess.SubprocessHook"}
{"timestamp":"2025-06-15T12:50:21.307329","level":"info","event":"25/06/15 12:50:21 INFO ResourceProfileManager: Added ResourceProfile id: 0","logger":"airflow.task.hooks.airflow.providers.standard.hooks.subprocess.SubprocessHook"}
{"timestamp":"2025-06-15T12:50:21.395902","level":"info","event":"25/06/15 12:50:21 INFO SecurityManager: Changing view acls to: airflow","logger":"airflow.task.hooks.airflow.providers.standard.hooks.subprocess.SubprocessHook"}
{"timestamp":"2025-06-15T12:50:21.397998","level":"info","event":"25/06/15 12:50:21 INFO SecurityManager: Changing modify acls to: airflow","logger":"airflow.task.hooks.airflow.providers.standard.hooks.subprocess.SubprocessHook"}
{"timestamp":"2025-06-15T12:50:21.399073","level":"info","event":"25/06/15 12:50:21 INFO SecurityManager: Changing view acls groups to:","logger":"airflow.task.hooks.airflow.providers.standard.hooks.subprocess.SubprocessHook"}
{"timestamp":"2025-06-15T12:50:21.400722","level":"info","event":"25/06/15 12:50:21 INFO SecurityManager: Changing modify acls groups to:","logger":"airflow.task.hooks.airflow.providers.standard.hooks.subprocess.SubprocessHook"}
{"timestamp":"2025-06-15T12:50:21.404185","level":"info","event":"25/06/15 12:50:21 INFO SecurityManager: SecurityManager: authentication disabled; ui acls disabled; users with view permissions: airflow; groups with view permissions: EMPTY; users with modify permissions: airflow; groups with modify permissions: EMPTY","logger":"airflow.task.hooks.airflow.providers.standard.hooks.subprocess.SubprocessHook"}
{"timestamp":"2025-06-15T12:50:21.866989","level":"info","event":"25/06/15 12:50:21 INFO Utils: Successfully started service 'sparkDriver' on port 43793.","logger":"airflow.task.hooks.airflow.providers.standard.hooks.subprocess.SubprocessHook"}
{"timestamp":"2025-06-15T12:50:21.910078","level":"info","event":"25/06/15 12:50:21 INFO SparkEnv: Registering MapOutputTracker","logger":"airflow.task.hooks.airflow.providers.standard.hooks.subprocess.SubprocessHook"}
{"timestamp":"2025-06-15T12:50:21.973539","level":"info","event":"25/06/15 12:50:21 INFO SparkEnv: Registering BlockManagerMaster","logger":"airflow.task.hooks.airflow.providers.standard.hooks.subprocess.SubprocessHook"}
{"timestamp":"2025-06-15T12:50:21.998797","level":"info","event":"25/06/15 12:50:21 INFO BlockManagerMasterEndpoint: Using org.apache.spark.storage.DefaultTopologyMapper for getting topology information","logger":"airflow.task.hooks.airflow.providers.standard.hooks.subprocess.SubprocessHook"}
{"timestamp":"2025-06-15T12:50:22.001363","level":"info","event":"25/06/15 12:50:22 INFO BlockManagerMasterEndpoint: BlockManagerMasterEndpoint up","logger":"airflow.task.hooks.airflow.providers.standard.hooks.subprocess.SubprocessHook"}
{"timestamp":"2025-06-15T12:50:22.009801","level":"info","event":"25/06/15 12:50:22 INFO SparkEnv: Registering BlockManagerMasterHeartbeat","logger":"airflow.task.hooks.airflow.providers.standard.hooks.subprocess.SubprocessHook"}
{"timestamp":"2025-06-15T12:50:22.047178","level":"info","event":"25/06/15 12:50:22 INFO DiskBlockManager: Created local directory at /tmp/blockmgr-494942e1-47ca-4dd0-83bd-3eb88944f861","logger":"airflow.task.hooks.airflow.providers.standard.hooks.subprocess.SubprocessHook"}
{"timestamp":"2025-06-15T12:50:22.071698","level":"info","event":"25/06/15 12:50:22 INFO MemoryStore: MemoryStore started with capacity 434.4 MiB","logger":"airflow.task.hooks.airflow.providers.standard.hooks.subprocess.SubprocessHook"}
{"timestamp":"2025-06-15T12:50:22.114756","level":"info","event":"25/06/15 12:50:22 INFO SparkEnv: Registering OutputCommitCoordinator","logger":"airflow.task.hooks.airflow.providers.standard.hooks.subprocess.SubprocessHook"}
{"timestamp":"2025-06-15T12:50:22.347852","level":"info","event":"25/06/15 12:50:22 INFO JettyUtils: Start Jetty 0.0.0.0:4040 for SparkUI","logger":"airflow.task.hooks.airflow.providers.standard.hooks.subprocess.SubprocessHook"}
{"timestamp":"2025-06-15T12:50:22.450925","level":"info","event":"25/06/15 12:50:22 INFO Utils: Successfully started service 'SparkUI' on port 4040.","logger":"airflow.task.hooks.airflow.providers.standard.hooks.subprocess.SubprocessHook"}
{"timestamp":"2025-06-15T12:50:22.701412","level":"info","event":"25/06/15 12:50:22 INFO StandaloneAppClient$ClientEndpoint: Connecting to master spark://spark-master:7077...","logger":"airflow.task.hooks.airflow.providers.standard.hooks.subprocess.SubprocessHook"}
{"timestamp":"2025-06-15T12:50:22.792694","level":"info","event":"25/06/15 12:50:22 INFO TransportClientFactory: Successfully created connection to spark-master/172.18.0.8:7077 after 53 ms (0 ms spent in bootstraps)","logger":"airflow.task.hooks.airflow.providers.standard.hooks.subprocess.SubprocessHook"}
{"timestamp":"2025-06-15T12:50:22.998712","level":"info","event":"25/06/15 12:50:22 INFO StandaloneSchedulerBackend: Connected to Spark cluster with app ID app-20250615125022-0006","logger":"airflow.task.hooks.airflow.providers.standard.hooks.subprocess.SubprocessHook"}
{"timestamp":"2025-06-15T12:50:23.022440","level":"info","event":"25/06/15 12:50:23 INFO StandaloneAppClient$ClientEndpoint: Executor added: app-20250615125022-0006/0 on worker-20250615115738-172.18.0.9-43281 (172.18.0.9:43281) with 1 core(s)","logger":"airflow.task.hooks.airflow.providers.standard.hooks.subprocess.SubprocessHook"}
{"timestamp":"2025-06-15T12:50:23.037478","level":"info","event":"25/06/15 12:50:23 INFO StandaloneSchedulerBackend: Granted executor ID app-20250615125022-0006/0 on hostPort 172.18.0.9:43281 with 1 core(s), 1024.0 MiB RAM","logger":"airflow.task.hooks.airflow.providers.standard.hooks.subprocess.SubprocessHook"}
{"timestamp":"2025-06-15T12:50:23.073061","level":"info","event":"25/06/15 12:50:23 INFO Utils: Successfully started service 'org.apache.spark.network.netty.NettyBlockTransferService' on port 39517.","logger":"airflow.task.hooks.airflow.providers.standard.hooks.subprocess.SubprocessHook"}
{"timestamp":"2025-06-15T12:50:23.073444","level":"info","event":"25/06/15 12:50:23 INFO NettyBlockTransferService: Server created on 3e8077fa8995:39517","logger":"airflow.task.hooks.airflow.providers.standard.hooks.subprocess.SubprocessHook"}
{"timestamp":"2025-06-15T12:50:23.081100","level":"info","event":"25/06/15 12:50:23 INFO BlockManager: Using org.apache.spark.storage.RandomBlockReplicationPolicy for block replication policy","logger":"airflow.task.hooks.airflow.providers.standard.hooks.subprocess.SubprocessHook"}
{"timestamp":"2025-06-15T12:50:23.115252","level":"info","event":"25/06/15 12:50:23 INFO BlockManagerMaster: Registering BlockManager BlockManagerId(driver, 3e8077fa8995, 39517, None)","logger":"airflow.task.hooks.airflow.providers.standard.hooks.subprocess.SubprocessHook"}
{"timestamp":"2025-06-15T12:50:23.127315","level":"info","event":"25/06/15 12:50:23 INFO BlockManagerMasterEndpoint: Registering block manager 3e8077fa8995:39517 with 434.4 MiB RAM, BlockManagerId(driver, 3e8077fa8995, 39517, None)","logger":"airflow.task.hooks.airflow.providers.standard.hooks.subprocess.SubprocessHook"}
{"timestamp":"2025-06-15T12:50:23.144271","level":"info","event":"25/06/15 12:50:23 INFO BlockManagerMaster: Registered BlockManager BlockManagerId(driver, 3e8077fa8995, 39517, None)","logger":"airflow.task.hooks.airflow.providers.standard.hooks.subprocess.SubprocessHook"}
{"timestamp":"2025-06-15T12:50:23.151270","level":"info","event":"25/06/15 12:50:23 INFO BlockManager: Initialized BlockManager: BlockManagerId(driver, 3e8077fa8995, 39517, None)","logger":"airflow.task.hooks.airflow.providers.standard.hooks.subprocess.SubprocessHook"}
{"timestamp":"2025-06-15T12:50:23.174099","level":"info","event":"25/06/15 12:50:23 INFO StandaloneAppClient$ClientEndpoint: Executor updated: app-20250615125022-0006/0 is now RUNNING","logger":"airflow.task.hooks.airflow.providers.standard.hooks.subprocess.SubprocessHook"}
{"timestamp":"2025-06-15T12:50:23.640344","level":"info","event":"25/06/15 12:50:23 INFO StandaloneSchedulerBackend: SchedulerBackend is ready for scheduling beginning after reached minRegisteredResourcesRatio: 0.0","logger":"airflow.task.hooks.airflow.providers.standard.hooks.subprocess.SubprocessHook"}
{"timestamp":"2025-06-15T12:50:24.510529","level":"info","event":"25/06/15 12:50:24 INFO SharedState: Setting hive.metastore.warehouse.dir ('null') to the value of spark.sql.warehouse.dir.","logger":"airflow.task.hooks.airflow.providers.standard.hooks.subprocess.SubprocessHook"}
{"timestamp":"2025-06-15T12:50:24.517253","level":"info","event":"25/06/15 12:50:24 INFO SharedState: Warehouse path is 'file:/tmp/airflowtmpd2h6f1ga/spark-warehouse'.","logger":"airflow.task.hooks.airflow.providers.standard.hooks.subprocess.SubprocessHook"}
{"timestamp":"2025-06-15T12:50:29.235584","level":"info","event":"25/06/15 12:50:29 INFO CodeGenerator: Code generated in 377.306782 ms","logger":"airflow.task.hooks.airflow.providers.standard.hooks.subprocess.SubprocessHook"}
{"timestamp":"2025-06-15T12:50:29.296264","level":"info","event":"25/06/15 12:50:29 INFO SparkContext: Starting job: showString at NativeMethodAccessorImpl.java:0","logger":"airflow.task.hooks.airflow.providers.standard.hooks.subprocess.SubprocessHook"}
{"timestamp":"2025-06-15T12:50:29.325793","level":"info","event":"25/06/15 12:50:29 INFO DAGScheduler: Got job 0 (showString at NativeMethodAccessorImpl.java:0) with 1 output partitions","logger":"airflow.task.hooks.airflow.providers.standard.hooks.subprocess.SubprocessHook"}
{"timestamp":"2025-06-15T12:50:29.326391","level":"info","event":"25/06/15 12:50:29 INFO DAGScheduler: Final stage: ResultStage 0 (showString at NativeMethodAccessorImpl.java:0)","logger":"airflow.task.hooks.airflow.providers.standard.hooks.subprocess.SubprocessHook"}
{"timestamp":"2025-06-15T12:50:29.326792","level":"info","event":"25/06/15 12:50:29 INFO DAGScheduler: Parents of final stage: List()","logger":"airflow.task.hooks.airflow.providers.standard.hooks.subprocess.SubprocessHook"}
{"timestamp":"2025-06-15T12:50:29.329248","level":"info","event":"25/06/15 12:50:29 INFO DAGScheduler: Missing parents: List()","logger":"airflow.task.hooks.airflow.providers.standard.hooks.subprocess.SubprocessHook"}
{"timestamp":"2025-06-15T12:50:29.335207","level":"info","event":"25/06/15 12:50:29 INFO DAGScheduler: Submitting ResultStage 0 (MapPartitionsRDD[6] at showString at NativeMethodAccessorImpl.java:0), which has no missing parents","logger":"airflow.task.hooks.airflow.providers.standard.hooks.subprocess.SubprocessHook"}
{"timestamp":"2025-06-15T12:50:29.532105","level":"info","event":"25/06/15 12:50:29 INFO MemoryStore: Block broadcast_0 stored as values in memory (estimated size 12.6 KiB, free 434.4 MiB)","logger":"airflow.task.hooks.airflow.providers.standard.hooks.subprocess.SubprocessHook"}
{"timestamp":"2025-06-15T12:50:29.598597","level":"info","event":"25/06/15 12:50:29 INFO MemoryStore: Block broadcast_0_piece0 stored as bytes in memory (estimated size 6.6 KiB, free 434.4 MiB)","logger":"airflow.task.hooks.airflow.providers.standard.hooks.subprocess.SubprocessHook"}
{"timestamp":"2025-06-15T12:50:29.604704","level":"info","event":"25/06/15 12:50:29 INFO BlockManagerInfo: Added broadcast_0_piece0 in memory on 3e8077fa8995:39517 (size: 6.6 KiB, free: 434.4 MiB)","logger":"airflow.task.hooks.airflow.providers.standard.hooks.subprocess.SubprocessHook"}
{"timestamp":"2025-06-15T12:50:29.625971","level":"info","event":"25/06/15 12:50:29 INFO SparkContext: Created broadcast 0 from broadcast at DAGScheduler.scala:1580","logger":"airflow.task.hooks.airflow.providers.standard.hooks.subprocess.SubprocessHook"}
{"timestamp":"2025-06-15T12:50:29.656256","level":"info","event":"25/06/15 12:50:29 INFO DAGScheduler: Submitting 1 missing tasks from ResultStage 0 (MapPartitionsRDD[6] at showString at NativeMethodAccessorImpl.java:0) (first 15 tasks are for partitions Vector(0))","logger":"airflow.task.hooks.airflow.providers.standard.hooks.subprocess.SubprocessHook"}
{"timestamp":"2025-06-15T12:50:29.656485","level":"info","event":"25/06/15 12:50:29 INFO TaskSchedulerImpl: Adding task set 0.0 with 1 tasks resource profile 0","logger":"airflow.task.hooks.airflow.providers.standard.hooks.subprocess.SubprocessHook"}
{"timestamp":"2025-06-15T12:50:31.906525","level":"info","event":"25/06/15 12:50:31 INFO StandaloneSchedulerBackend$StandaloneDriverEndpoint: Registered executor NettyRpcEndpointRef(spark-client://Executor) (172.18.0.9:56968) with ID 0,  ResourceProfileId 0","logger":"airflow.task.hooks.airflow.providers.standard.hooks.subprocess.SubprocessHook"}
{"timestamp":"2025-06-15T12:50:32.188271","level":"info","event":"25/06/15 12:50:32 INFO BlockManagerMasterEndpoint: Registering block manager 172.18.0.9:35709 with 413.9 MiB RAM, BlockManagerId(0, 172.18.0.9, 35709, None)","logger":"airflow.task.hooks.airflow.providers.standard.hooks.subprocess.SubprocessHook"}
{"timestamp":"2025-06-15T12:50:32.349398","level":"info","event":"25/06/15 12:50:32 INFO TaskSetManager: Starting task 0.0 in stage 0.0 (TID 0) (172.18.0.9, executor 0, partition 0, PROCESS_LOCAL, 7636 bytes)","logger":"airflow.task.hooks.airflow.providers.standard.hooks.subprocess.SubprocessHook"}
{"timestamp":"2025-06-15T12:50:33.110624","level":"info","event":"25/06/15 12:50:33 INFO BlockManagerInfo: Added broadcast_0_piece0 in memory on 172.18.0.9:35709 (size: 6.6 KiB, free: 413.9 MiB)","logger":"airflow.task.hooks.airflow.providers.standard.hooks.subprocess.SubprocessHook"}
{"timestamp":"2025-06-15T12:50:37.650345","level":"info","event":"25/06/15 12:50:37 INFO TaskSetManager: Finished task 0.0 in stage 0.0 (TID 0) in 5320 ms on 172.18.0.9 (executor 0) (1/1)","logger":"airflow.task.hooks.airflow.providers.standard.hooks.subprocess.SubprocessHook"}
{"timestamp":"2025-06-15T12:50:37.653822","level":"info","event":"25/06/15 12:50:37 INFO TaskSchedulerImpl: Removed TaskSet 0.0, whose tasks have all completed, from pool","logger":"airflow.task.hooks.airflow.providers.standard.hooks.subprocess.SubprocessHook"}
{"timestamp":"2025-06-15T12:50:37.662231","level":"info","event":"25/06/15 12:50:37 INFO PythonAccumulatorV2: Connected to AccumulatorServer at host: 127.0.0.1 port: 60721","logger":"airflow.task.hooks.airflow.providers.standard.hooks.subprocess.SubprocessHook"}
{"timestamp":"2025-06-15T12:50:37.670206","level":"info","event":"25/06/15 12:50:37 INFO DAGScheduler: ResultStage 0 (showString at NativeMethodAccessorImpl.java:0) finished in 8.302 s","logger":"airflow.task.hooks.airflow.providers.standard.hooks.subprocess.SubprocessHook"}
{"timestamp":"2025-06-15T12:50:37.682582","level":"info","event":"25/06/15 12:50:37 INFO DAGScheduler: Job 0 is finished. Cancelling potential speculative or zombie tasks for this job","logger":"airflow.task.hooks.airflow.providers.standard.hooks.subprocess.SubprocessHook"}
{"timestamp":"2025-06-15T12:50:37.684414","level":"info","event":"25/06/15 12:50:37 INFO TaskSchedulerImpl: Killing all running tasks in stage 0: Stage finished","logger":"airflow.task.hooks.airflow.providers.standard.hooks.subprocess.SubprocessHook"}
{"timestamp":"2025-06-15T12:50:37.695267","level":"info","event":"25/06/15 12:50:37 INFO DAGScheduler: Job 0 finished: showString at NativeMethodAccessorImpl.java:0, took 8.398316 s","logger":"airflow.task.hooks.airflow.providers.standard.hooks.subprocess.SubprocessHook"}
{"timestamp":"2025-06-15T12:50:37.761098","level":"info","event":"25/06/15 12:50:37 INFO SparkContext: Starting job: showString at NativeMethodAccessorImpl.java:0","logger":"airflow.task.hooks.airflow.providers.standard.hooks.subprocess.SubprocessHook"}
{"timestamp":"2025-06-15T12:50:37.767703","level":"info","event":"25/06/15 12:50:37 INFO DAGScheduler: Got job 1 (showString at NativeMethodAccessorImpl.java:0) with 1 output partitions","logger":"airflow.task.hooks.airflow.providers.standard.hooks.subprocess.SubprocessHook"}
{"timestamp":"2025-06-15T12:50:37.767919","level":"info","event":"25/06/15 12:50:37 INFO DAGScheduler: Final stage: ResultStage 1 (showString at NativeMethodAccessorImpl.java:0)","logger":"airflow.task.hooks.airflow.providers.standard.hooks.subprocess.SubprocessHook"}
{"timestamp":"2025-06-15T12:50:37.768078","level":"info","event":"25/06/15 12:50:37 INFO DAGScheduler: Parents of final stage: List()","logger":"airflow.task.hooks.airflow.providers.standard.hooks.subprocess.SubprocessHook"}
{"timestamp":"2025-06-15T12:50:37.768217","level":"info","event":"25/06/15 12:50:37 INFO DAGScheduler: Missing parents: List()","logger":"airflow.task.hooks.airflow.providers.standard.hooks.subprocess.SubprocessHook"}
{"timestamp":"2025-06-15T12:50:37.774360","level":"info","event":"25/06/15 12:50:37 INFO DAGScheduler: Submitting ResultStage 1 (MapPartitionsRDD[6] at showString at NativeMethodAccessorImpl.java:0), which has no missing parents","logger":"airflow.task.hooks.airflow.providers.standard.hooks.subprocess.SubprocessHook"}
{"timestamp":"2025-06-15T12:50:37.798973","level":"info","event":"25/06/15 12:50:37 INFO MemoryStore: Block broadcast_1 stored as values in memory (estimated size 12.6 KiB, free 434.4 MiB)","logger":"airflow.task.hooks.airflow.providers.standard.hooks.subprocess.SubprocessHook"}
{"timestamp":"2025-06-15T12:50:37.824043","level":"info","event":"25/06/15 12:50:37 INFO MemoryStore: Block broadcast_1_piece0 stored as bytes in memory (estimated size 6.6 KiB, free 434.4 MiB)","logger":"airflow.task.hooks.airflow.providers.standard.hooks.subprocess.SubprocessHook"}
{"timestamp":"2025-06-15T12:50:37.825731","level":"info","event":"25/06/15 12:50:37 INFO BlockManagerInfo: Added broadcast_1_piece0 in memory on 3e8077fa8995:39517 (size: 6.6 KiB, free: 434.4 MiB)","logger":"airflow.task.hooks.airflow.providers.standard.hooks.subprocess.SubprocessHook"}
{"timestamp":"2025-06-15T12:50:37.829465","level":"info","event":"25/06/15 12:50:37 INFO SparkContext: Created broadcast 1 from broadcast at DAGScheduler.scala:1580","logger":"airflow.task.hooks.airflow.providers.standard.hooks.subprocess.SubprocessHook"}
{"timestamp":"2025-06-15T12:50:37.829698","level":"info","event":"25/06/15 12:50:37 INFO DAGScheduler: Submitting 1 missing tasks from ResultStage 1 (MapPartitionsRDD[6] at showString at NativeMethodAccessorImpl.java:0) (first 15 tasks are for partitions Vector(1))","logger":"airflow.task.hooks.airflow.providers.standard.hooks.subprocess.SubprocessHook"}
{"timestamp":"2025-06-15T12:50:37.829839","level":"info","event":"25/06/15 12:50:37 INFO TaskSchedulerImpl: Adding task set 1.0 with 1 tasks resource profile 0","logger":"airflow.task.hooks.airflow.providers.standard.hooks.subprocess.SubprocessHook"}
{"timestamp":"2025-06-15T12:50:37.833130","level":"info","event":"25/06/15 12:50:37 INFO TaskSetManager: Starting task 0.0 in stage 1.0 (TID 1) (172.18.0.9, executor 0, partition 1, PROCESS_LOCAL, 7634 bytes)","logger":"airflow.task.hooks.airflow.providers.standard.hooks.subprocess.SubprocessHook"}
{"timestamp":"2025-06-15T12:50:37.914020","level":"info","event":"25/06/15 12:50:37 INFO BlockManagerInfo: Added broadcast_1_piece0 in memory on 172.18.0.9:35709 (size: 6.6 KiB, free: 413.9 MiB)","logger":"airflow.task.hooks.airflow.providers.standard.hooks.subprocess.SubprocessHook"}
{"timestamp":"2025-06-15T12:50:38.209044","level":"info","event":"25/06/15 12:50:38 INFO TaskSetManager: Finished task 0.0 in stage 1.0 (TID 1) in 376 ms on 172.18.0.9 (executor 0) (1/1)","logger":"airflow.task.hooks.airflow.providers.standard.hooks.subprocess.SubprocessHook"}
{"timestamp":"2025-06-15T12:50:38.210963","level":"info","event":"25/06/15 12:50:38 INFO TaskSchedulerImpl: Removed TaskSet 1.0, whose tasks have all completed, from pool","logger":"airflow.task.hooks.airflow.providers.standard.hooks.subprocess.SubprocessHook"}
{"timestamp":"2025-06-15T12:50:38.214994","level":"info","event":"25/06/15 12:50:38 INFO DAGScheduler: ResultStage 1 (showString at NativeMethodAccessorImpl.java:0) finished in 0.435 s","logger":"airflow.task.hooks.airflow.providers.standard.hooks.subprocess.SubprocessHook"}
{"timestamp":"2025-06-15T12:50:38.217945","level":"info","event":"25/06/15 12:50:38 INFO DAGScheduler: Job 1 is finished. Cancelling potential speculative or zombie tasks for this job","logger":"airflow.task.hooks.airflow.providers.standard.hooks.subprocess.SubprocessHook"}
{"timestamp":"2025-06-15T12:50:38.218273","level":"info","event":"25/06/15 12:50:38 INFO TaskSchedulerImpl: Killing all running tasks in stage 1: Stage finished","logger":"airflow.task.hooks.airflow.providers.standard.hooks.subprocess.SubprocessHook"}
{"timestamp":"2025-06-15T12:50:38.221303","level":"info","event":"25/06/15 12:50:38 INFO DAGScheduler: Job 1 finished: showString at NativeMethodAccessorImpl.java:0, took 0.459366 s","logger":"airflow.task.hooks.airflow.providers.standard.hooks.subprocess.SubprocessHook"}
{"timestamp":"2025-06-15T12:50:39.650332","level":"info","event":"25/06/15 12:50:39 INFO BlockManagerInfo: Removed broadcast_1_piece0 on 3e8077fa8995:39517 in memory (size: 6.6 KiB, free: 434.4 MiB)","logger":"airflow.task.hooks.airflow.providers.standard.hooks.subprocess.SubprocessHook"}
{"timestamp":"2025-06-15T12:50:39.668712","level":"info","event":"25/06/15 12:50:39 INFO BlockManagerInfo: Removed broadcast_1_piece0 on 172.18.0.9:35709 in memory (size: 6.6 KiB, free: 413.9 MiB)","logger":"airflow.task.hooks.airflow.providers.standard.hooks.subprocess.SubprocessHook"}
{"timestamp":"2025-06-15T12:50:39.684092","level":"info","event":"25/06/15 12:50:39 INFO BlockManagerInfo: Removed broadcast_0_piece0 on 3e8077fa8995:39517 in memory (size: 6.6 KiB, free: 434.4 MiB)","logger":"airflow.task.hooks.airflow.providers.standard.hooks.subprocess.SubprocessHook"}
{"timestamp":"2025-06-15T12:50:39.690689","level":"info","event":"25/06/15 12:50:39 INFO BlockManagerInfo: Removed broadcast_0_piece0 on 172.18.0.9:35709 in memory (size: 6.6 KiB, free: 413.9 MiB)","logger":"airflow.task.hooks.airflow.providers.standard.hooks.subprocess.SubprocessHook"}
{"timestamp":"2025-06-15T12:50:39.759187","level":"info","event":"25/06/15 12:50:39 INFO CodeGenerator: Code generated in 23.847685 ms","logger":"airflow.task.hooks.airflow.providers.standard.hooks.subprocess.SubprocessHook"}
{"timestamp":"2025-06-15T12:50:39.774560","level":"info","event":"+-----+---+","logger":"airflow.task.hooks.airflow.providers.standard.hooks.subprocess.SubprocessHook"}
{"timestamp":"2025-06-15T12:50:39.774830","level":"info","event":"| name|age|","logger":"airflow.task.hooks.airflow.providers.standard.hooks.subprocess.SubprocessHook"}
{"timestamp":"2025-06-15T12:50:39.774993","level":"info","event":"+-----+---+","logger":"airflow.task.hooks.airflow.providers.standard.hooks.subprocess.SubprocessHook"}
{"timestamp":"2025-06-15T12:50:39.775129","level":"info","event":"|Alice| 25|","logger":"airflow.task.hooks.airflow.providers.standard.hooks.subprocess.SubprocessHook"}
{"timestamp":"2025-06-15T12:50:39.775237","level":"info","event":"|  Bob| 33|","logger":"airflow.task.hooks.airflow.providers.standard.hooks.subprocess.SubprocessHook"}
{"timestamp":"2025-06-15T12:50:39.775361","level":"info","event":"+-----+---+","logger":"airflow.task.hooks.airflow.providers.standard.hooks.subprocess.SubprocessHook"}
{"timestamp":"2025-06-15T12:50:39.775489","level":"info","event":"","logger":"airflow.task.hooks.airflow.providers.standard.hooks.subprocess.SubprocessHook"}
{"timestamp":"2025-06-15T12:50:39.775608","level":"info","event":"25/06/15 12:50:39 INFO SparkContext: SparkContext is stopping with exitCode 0.","logger":"airflow.task.hooks.airflow.providers.standard.hooks.subprocess.SubprocessHook"}
{"timestamp":"2025-06-15T12:50:39.788617","level":"info","event":"25/06/15 12:50:39 INFO SparkUI: Stopped Spark web UI at http://3e8077fa8995:4040","logger":"airflow.task.hooks.airflow.providers.standard.hooks.subprocess.SubprocessHook"}
{"timestamp":"2025-06-15T12:50:39.793089","level":"info","event":"25/06/15 12:50:39 INFO StandaloneSchedulerBackend: Shutting down all executors","logger":"airflow.task.hooks.airflow.providers.standard.hooks.subprocess.SubprocessHook"}
{"timestamp":"2025-06-15T12:50:39.793865","level":"info","event":"25/06/15 12:50:39 INFO StandaloneSchedulerBackend$StandaloneDriverEndpoint: Asking each executor to shut down","logger":"airflow.task.hooks.airflow.providers.standard.hooks.subprocess.SubprocessHook"}
{"timestamp":"2025-06-15T12:50:39.819788","level":"info","event":"25/06/15 12:50:39 INFO MapOutputTrackerMasterEndpoint: MapOutputTrackerMasterEndpoint stopped!","logger":"airflow.task.hooks.airflow.providers.standard.hooks.subprocess.SubprocessHook"}
{"timestamp":"2025-06-15T12:50:39.846477","level":"info","event":"25/06/15 12:50:39 INFO MemoryStore: MemoryStore cleared","logger":"airflow.task.hooks.airflow.providers.standard.hooks.subprocess.SubprocessHook"}
{"timestamp":"2025-06-15T12:50:39.847276","level":"info","event":"25/06/15 12:50:39 INFO BlockManager: BlockManager stopped","logger":"airflow.task.hooks.airflow.providers.standard.hooks.subprocess.SubprocessHook"}
{"timestamp":"2025-06-15T12:50:39.853124","level":"info","event":"25/06/15 12:50:39 INFO BlockManagerMaster: BlockManagerMaster stopped","logger":"airflow.task.hooks.airflow.providers.standard.hooks.subprocess.SubprocessHook"}
{"timestamp":"2025-06-15T12:50:39.861300","level":"info","event":"25/06/15 12:50:39 INFO OutputCommitCoordinator$OutputCommitCoordinatorEndpoint: OutputCommitCoordinator stopped!","logger":"airflow.task.hooks.airflow.providers.standard.hooks.subprocess.SubprocessHook"}
{"timestamp":"2025-06-15T12:50:39.881519","level":"info","event":"25/06/15 12:50:39 INFO SparkContext: Successfully stopped SparkContext","logger":"airflow.task.hooks.airflow.providers.standard.hooks.subprocess.SubprocessHook"}
{"timestamp":"2025-06-15T12:50:40.312560","level":"info","event":"25/06/15 12:50:40 INFO ShutdownHookManager: Shutdown hook called","logger":"airflow.task.hooks.airflow.providers.standard.hooks.subprocess.SubprocessHook"}
{"timestamp":"2025-06-15T12:50:40.313690","level":"info","event":"25/06/15 12:50:40 INFO ShutdownHookManager: Deleting directory /tmp/spark-29846104-9f85-4080-bf27-4a0b3c2f33aa","logger":"airflow.task.hooks.airflow.providers.standard.hooks.subprocess.SubprocessHook"}
{"timestamp":"2025-06-15T12:50:40.323987","level":"info","event":"25/06/15 12:50:40 INFO ShutdownHookManager: Deleting directory /tmp/spark-8e684513-8ce4-48c5-b2df-cd4143fda294","logger":"airflow.task.hooks.airflow.providers.standard.hooks.subprocess.SubprocessHook"}
{"timestamp":"2025-06-15T12:50:40.333421","level":"info","event":"25/06/15 12:50:40 INFO ShutdownHookManager: Deleting directory /tmp/spark-29846104-9f85-4080-bf27-4a0b3c2f33aa/pyspark-c80bc51d-7fe1-4264-8d58-08799a95805a","logger":"airflow.task.hooks.airflow.providers.standard.hooks.subprocess.SubprocessHook"}
{"timestamp":"2025-06-15T12:50:40.425116","level":"info","event":"Command exited with return code 0","logger":"airflow.task.hooks.airflow.providers.standard.hooks.subprocess.SubprocessHook"}
{"timestamp":"2025-06-15T12:50:40.429611","level":"info","event":"Pushing xcom","ti":"RuntimeTaskInstance(id=UUID('019773a3-f5f4-70a3-9558-f63ad8a32d48'), task_id='spark_submit_job', dag_id='spark_submit_via_bash', run_id='manual__2025-06-15T12:50:14.595248+00:00', try_number=1, map_index=-1, hostname='3e8077fa8995', context_carrier=None, task=<Task(BashOperator): spark_submit_job>, bundle_instance=LocalDagBundle(name=dags-folder), max_tries=0, start_date=datetime.datetime(2025, 6, 15, 12, 50, 15, 386712, tzinfo=TzInfo(UTC)), end_date=None, state=<TaskInstanceState.RUNNING: 'running'>, is_mapped=False, rendered_map_index=None)","logger":"task"}
